Could not read previous export (for caching), doing full export.
Background: Exporting image
SeasonReview: Exporting image
<Clip_Group>: Exporting image
<Clip_Group>: Calculating vector mask bounds
YearReview: Exporting image
<Clip_Group>-3: Exporting image
<Clip_Group>-3: Calculating vector mask bounds
<Clip_Group>-2: Exporting image
<Clip_Group>-2: Calculating vector mask bounds
MonthReview: Exporting image
<Clip_Group>-4: Exporting image
<Clip_Group>-4: Calculating vector mask bounds
JointCloset: Exporting image
Inspiration: Exporting image
Images: Exporting image
MainFull: Exporting image
MainEmpty: Exporting image
StylistFront: Exporting image
StylistFrontOut: Exporting image
StylistOut: Exporting image
Text: Exporting image
Images-2: Exporting image
Header: Exporting image
MainMenu: Exporting image
Sidebar: Exporting image
SidebarClose: Exporting image
SidebarOutfit: Exporting image
SidebarReview: Exporting image
SidebarStylist: Exporting image
MainFullMenu: Exporting image
MainEmptyMenu: Exporting image
StylistMenu: Exporting image
StylistMenuAssistant: Exporting image
StylistMenuInspiration: Exporting image
StylistMenuSuggestions: Exporting image
InspirationMenu: Exporting image
InspirationMenuSuggestions: Exporting image
InspirationMenuInspiration: Exporting image
InspirationMenuAssistant: Exporting image
DonateMenu: Exporting image
AssistantMenu: Exporting image
AssistantMenuAssistant: Exporting image
AssistantMenuInspiration: Exporting image
AssistantMenuSuggestions: Exporting image
SeasonMenu: Exporting image
SeasonDonate: Exporting image
SeasonYear: Exporting image
SeasonSeason: Exporting image
SeasonMonth: Exporting image
MonthMenu: Exporting image
MonthDonate: Exporting image
MonthYear: Exporting image
MonthSeason: Exporting image
MonthMonth: Exporting image
YearMenu: Exporting image
YearDonate: Exporting image
YearYear: Exporting image
YearSeason: Exporting image
YearMonth: Exporting image
56 views changed
Success: /Users/ashirahatti/Documents/Spring2016/CriticalMaking/Prov03/DressCodeUpdated.framer/imported/CompleteMockup@1x
